{"/Users/frank/cc/simple-uploader/src/uploader.coffee":{"b":{"1":[0,0],"2":[0,0],"3":[0,0],"4":[0,0],"5":[0,0],"6":[0,0],"7":[0,0],"8":[0,0],"9":[0,0],"10":[0,0],"11":[0,0],"12":[0,0],"13":[0,0],"14":[0,0],"15":[0,0],"16":[0,0],"17":[0,0],"18":[0,0],"19":[0,0],"20":[0,0],"21":[0,0]},"branchMap":{"1":{"line":19,"locations":[{"end":{"column":6,"line":19},"start":{"column":6,"line":19}},{"end":{"column":6,"line":19},"start":{"column":6,"line":19}}],"type":"if"},"2":{"line":21,"locations":[{"end":{"column":11,"line":21},"start":{"column":11,"line":21}},{"end":{"column":11,"line":21},"start":{"column":11,"line":21}}],"type":"if"},"3":{"line":26,"locations":[{"end":{"column":6,"line":26},"start":{"column":6,"line":26}},{"end":{"column":6,"line":26},"start":{"column":6,"line":26}}],"type":"if"},"4":{"line":41,"locations":[{"end":{"column":4,"line":41},"start":{"column":4,"line":41}},{"end":{"column":4,"line":41},"start":{"column":4,"line":41}}],"type":"if"},"5":{"line":43,"locations":[{"end":{"column":4,"line":43},"start":{"column":4,"line":43}},{"end":{"column":4,"line":43},"start":{"column":4,"line":43}}],"type":"if"},"6":{"line":45,"locations":[{"end":{"column":9,"line":45},"start":{"column":9,"line":45}},{"end":{"column":9,"line":45},"start":{"column":9,"line":45}}],"type":"if"},"7":{"line":47,"locations":[{"end":{"column":6,"line":47},"start":{"column":6,"line":47}},{"end":{"column":6,"line":47},"start":{"column":6,"line":47}}],"type":"if"},"8":{"line":49,"locations":[{"end":{"column":9,"line":49},"start":{"column":9,"line":49}},{"end":{"column":9,"line":49},"start":{"column":9,"line":49}}],"type":"if"},"9":{"line":52,"locations":[{"end":{"column":4,"line":52},"start":{"column":4,"line":52}},{"end":{"column":4,"line":52},"start":{"column":4,"line":52}}],"type":"if"},"10":{"line":56,"locations":[{"end":{"column":4,"line":56},"start":{"column":4,"line":56}},{"end":{"column":4,"line":56},"start":{"column":4,"line":56}}],"type":"if"},"11":{"line":60,"locations":[{"end":{"column":4,"line":60},"start":{"column":4,"line":60}},{"end":{"column":4,"line":60},"start":{"column":4,"line":60}}],"type":"if"},"12":{"line":67,"locations":[{"end":{"column":4,"line":67},"start":{"column":4,"line":67}},{"end":{"column":4,"line":67},"start":{"column":4,"line":67}}],"type":"if"},"13":{"line":78,"locations":[{"end":{"column":9,"line":78},"start":{"column":9,"line":78}},{"end":{"column":9,"line":78},"start":{"column":9,"line":78}}],"type":"if"},"14":{"line":85,"locations":[{"end":{"column":4,"line":85},"start":{"column":4,"line":85}},{"end":{"column":4,"line":85},"start":{"column":4,"line":85}}],"type":"if"},"15":{"line":97,"locations":[{"end":{"column":8,"line":97},"start":{"column":8,"line":97}},{"end":{"column":8,"line":97},"start":{"column":8,"line":97}}],"type":"if"},"16":{"line":102,"locations":[{"end":{"column":8,"line":102},"start":{"column":8,"line":102}},{"end":{"column":8,"line":102},"start":{"column":8,"line":102}}],"type":"if"},"17":{"line":114,"locations":[{"end":{"column":4,"line":114},"start":{"column":4,"line":114}},{"end":{"column":4,"line":114},"start":{"column":4,"line":114}}],"type":"if"},"18":{"line":116,"locations":[{"end":{"column":8,"line":116},"start":{"column":8,"line":116}},{"end":{"column":8,"line":116},"start":{"column":8,"line":116}}],"type":"if"},"19":{"line":123,"locations":[{"end":{"column":4,"line":123},"start":{"column":4,"line":123}},{"end":{"column":4,"line":123},"start":{"column":4,"line":123}}],"type":"if"},"20":{"line":127,"locations":[{"end":{"column":4,"line":127},"start":{"column":4,"line":127}},{"end":{"column":4,"line":127},"start":{"column":4,"line":127}}],"type":"if"},"21":{"line":135,"locations":[{"end":{"column":4,"line":135},"start":{"column":4,"line":135}},{"end":{"column":4,"line":135},"start":{"column":4,"line":135}}],"type":"if"}},"f":{"1":1,"2":0,"3":0,"4":0,"5":1,"6":0,"7":0,"8":0,"9":0,"10":0,"11":0,"12":0,"13":0,"14":0,"15":0,"16":0,"17":0,"18":0,"19":0,"20":0,"21":0},"fnMap":{"1":{"line":1,"loc":{"end":{"column":13,"line":1},"start":{"column":6,"line":1}},"name":"Uploader"},"2":{"line":11,"loc":{"end":{"column":10,"line":11},"start":{"column":2,"line":11}},"name":"_init"},"3":{"line":17,"loc":{"end":{"column":37,"line":17},"start":{"column":26,"line":17}},"name":"(anonymous_1)"},"4":{"line":25,"loc":{"end":{"column":54,"line":25},"start":{"column":49,"line":25}},"name":"(anonymous_2)"},"5":{"line":34,"loc":{"end":{"column":16,"line":34},"start":{"column":15,"line":34}},"name":"(anonymous_3)"},"6":{"line":36,"loc":{"end":{"column":12,"line":36},"start":{"column":11,"line":36}},"name":"(anonymous_4)"},"7":{"line":40,"loc":{"end":{"column":29,"line":40},"start":{"column":2,"line":40}},"name":"upload"},"8":{"line":66,"loc":{"end":{"column":22,"line":66},"start":{"column":2,"line":66}},"name":"getFile"},"9":{"line":81,"loc":{"end":{"column":22,"line":81},"start":{"column":2,"line":81}},"name":"_xhrUpload"},"10":{"line":95,"loc":{"end":{"column":12,"line":95},"start":{"column":6,"line":95}},"name":"xhr"},"11":{"line":98,"loc":{"end":{"column":39,"line":98},"start":{"column":10,"line":98}},"name":"req"},"12":{"line":101,"loc":{"end":{"column":21,"line":101},"start":{"column":6,"line":101}},"name":"progress"},"13":{"line":104,"loc":{"end":{"column":33,"line":104},"start":{"column":6,"line":104}},"name":"error"},"14":{"line":106,"loc":{"end":{"column":25,"line":106},"start":{"column":6,"line":106}},"name":"success"},"15":{"line":110,"loc":{"end":{"column":31,"line":110},"start":{"column":6,"line":110}},"name":"complete"},"16":{"line":113,"loc":{"end":{"column":18,"line":113},"start":{"column":2,"line":113}},"name":"cancel"},"17":{"line":126,"loc":{"end":{"column":38,"line":126},"start":{"column":2,"line":126}},"name":"readImageFile"},"18":{"line":130,"loc":{"end":{"column":18,"line":130},"start":{"column":4,"line":130}},"name":"img"},"19":{"line":132,"loc":{"end":{"column":19,"line":132},"start":{"column":4,"line":132}},"name":"img"},"20":{"line":139,"loc":{"end":{"column":31,"line":139},"start":{"column":6,"line":139}},"name":"fileReader"},"21":{"line":145,"loc":{"end":{"column":12,"line":145},"start":{"column":2,"line":145}},"name":"destroy"}},"path":"/Users/frank/cc/simple-uploader/src/uploader.coffee","s":{"1":1,"2":0,"3":0,"4":0,"5":0,"6":0,"7":0,"8":0,"9":0,"10":0,"11":0,"12":0,"13":0,"14":0,"15":0,"16":1,"17":1,"18":1,"19":0,"20":0,"21":0,"22":0,"23":0,"24":0,"25":0,"26":0,"27":0,"28":0,"29":0,"30":0,"31":0,"32":0,"33":0,"34":0,"35":0,"36":0,"37":0,"38":0,"39":0,"40":0,"41":0,"42":0,"43":0,"44":0,"45":0,"46":0,"47":0,"48":0,"49":0,"50":0,"51":0,"52":0,"53":0,"54":0,"55":0,"56":0,"57":0,"58":0,"59":0,"60":0,"61":0,"62":0,"63":0,"64":0,"65":0,"66":0,"67":0,"68":0,"69":0,"70":0,"71":0,"72":0,"73":0,"74":0,"75":0,"76":0,"77":0,"78":0,"79":0,"80":0,"81":0,"82":0,"83":0,"84":0,"85":0,"86":0,"87":0,"88":0,"89":0,"90":0,"91":0,"92":0,"93":0,"94":0,"95":0,"96":1},"statementMap":{"1":{"end":{"column":0,"line":156},"start":{"column":0,"line":1}},"2":{"end":{"column":14,"line":12},"start":{"column":4,"line":12}},"3":{"end":{"column":14,"line":13},"start":{"column":4,"line":13}},"4":{"end":{"column":26,"line":14},"start":{"column":4,"line":14}},"5":{"end":{"column":3,"line":25},"start":{"column":4,"line":17}},"6":{"end":{"column":46,"line":18},"start":{"column":6,"line":18}},"7":{"end":{"column":3,"line":25},"start":{"column":6,"line":19}},"8":{"end":{"column":29,"line":20},"start":{"column":8,"line":20}},"9":{"end":{"column":3,"line":25},"start":{"column":11,"line":21}},"10":{"end":{"column":25,"line":22},"start":{"column":8,"line":22}},"11":{"end":{"column":1,"line":34},"start":{"column":4,"line":25}},"12":{"end":{"column":29,"line":26},"start":{"column":6,"line":26}},"13":{"end":{"column":11,"line":26},"start":{"column":6,"line":26}},"14":{"end":{"column":54,"line":30},"start":{"column":6,"line":30}},"15":{"end":{"column":31,"line":32},"start":{"column":6,"line":32}},"16":{"end":{"column":25,"line":157},"start":{"column":15,"line":34}},"17":{"end":{"column":9,"line":35},"start":{"column":4,"line":35}},"18":{"end":{"column":1,"line":38},"start":{"column":4,"line":36}},"19":{"end":{"column":12,"line":37},"start":{"column":6,"line":37}},"20":{"end":{"column":22,"line":41},"start":{"column":4,"line":41}},"21":{"end":{"column":9,"line":41},"start":{"column":4,"line":41}},"22":{"end":{"column":3,"line":52},"start":{"column":4,"line":43}},"23":{"end":{"column":35,"line":44},"start":{"column":6,"line":44}},"24":{"end":{"column":21,"line":44},"start":{"column":6,"line":44}},"25":{"end":{"column":3,"line":52},"start":{"column":9,"line":45}},"26":{"end":{"column":31,"line":46},"start":{"column":6,"line":46}},"27":{"end":{"column":30,"line":47},"start":{"column":6,"line":47}},"28":{"end":{"column":23,"line":47},"start":{"column":6,"line":47}},"29":{"end":{"column":49,"line":48},"start":{"column":6,"line":48}},"30":{"end":{"column":3,"line":52},"start":{"column":9,"line":49}},"31":{"end":{"column":25,"line":50},"start":{"column":6,"line":50}},"32":{"end":{"column":34,"line":52},"start":{"column":4,"line":52}},"33":{"end":{"column":9,"line":52},"start":{"column":4,"line":52}},"34":{"end":{"column":23,"line":54},"start":{"column":4,"line":54}},"35":{"end":{"column":3,"line":60},"start":{"column":4,"line":56}},"36":{"end":{"column":21,"line":57},"start":{"column":6,"line":57}},"37":{"end":{"column":11,"line":58},"start":{"column":6,"line":58}},"38":{"end":{"column":61,"line":60},"start":{"column":4,"line":60}},"39":{"end":{"column":9,"line":60},"start":{"column":4,"line":60}},"40":{"end":{"column":19,"line":62},"start":{"column":4,"line":62}},"41":{"end":{"column":19,"line":63},"start":{"column":4,"line":63}},"42":{"end":{"column":20,"line":64},"start":{"column":4,"line":64}},"43":{"end":{"column":16,"line":70},"start":{"column":4,"line":67}},"44":{"end":{"column":43,"line":68},"start":{"column":6,"line":68}},"45":{"end":{"column":16,"line":70},"start":{"column":6,"line":70}},"46":{"end":{"column":15,"line":79},"start":{"column":4,"line":72}},"47":{"end":{"column":56,"line":78},"start":{"column":22,"line":78}},"48":{"end":{"column":64,"line":78},"start":{"column":63,"line":78}},"49":{"end":{"column":28,"line":82},"start":{"column":4,"line":82}},"50":{"end":{"column":42,"line":83},"start":{"column":4,"line":83}},"51":{"end":{"column":50,"line":84},"start":{"column":4,"line":84}},"52":{"end":{"column":63,"line":85},"start":{"column":4,"line":85}},"53":{"end":{"column":48,"line":85},"start":{"column":4,"line":85}},"54":{"end":{"column":24,"line":85},"start":{"column":4,"line":85}},"55":{"end":{"column":1,"line":113},"start":{"column":4,"line":87}},"56":{"end":{"column":33,"line":96},"start":{"column":8,"line":96}},"57":{"end":{"column":7,"line":100},"start":{"column":8,"line":97}},"58":{"end":{"column":7,"line":100},"start":{"column":10,"line":98}},"59":{"end":{"column":23,"line":99},"start":{"column":12,"line":99}},"60":{"end":{"column":10,"line":100},"start":{"column":8,"line":100}},"61":{"end":{"column":39,"line":102},"start":{"column":8,"line":102}},"62":{"end":{"column":13,"line":102},"start":{"column":8,"line":102}},"63":{"end":{"column":59,"line":103},"start":{"column":8,"line":103}},"64":{"end":{"column":50,"line":105},"start":{"column":8,"line":105}},"65":{"end":{"column":62,"line":107},"start":{"column":8,"line":107}},"66":{"end":{"column":47,"line":108},"start":{"column":8,"line":108}},"67":{"end":{"column":61,"line":109},"start":{"column":8,"line":109}},"68":{"end":{"column":58,"line":111},"start":{"column":8,"line":111}},"69":{"end":{"column":3,"line":120},"start":{"column":4,"line":114}},"70":{"end":{"column":3,"line":120},"start":{"column":6,"line":115}},"71":{"end":{"column":3,"line":120},"start":{"column":8,"line":116}},"72":{"end":{"column":17,"line":117},"start":{"column":10,"line":117}},"73":{"end":{"column":14,"line":118},"start":{"column":10,"line":118}},"74":{"end":{"column":34,"line":120},"start":{"column":4,"line":120}},"75":{"end":{"column":31,"line":123},"start":{"column":4,"line":123}},"76":{"end":{"column":19,"line":123},"start":{"column":4,"line":123}},"77":{"end":{"column":18,"line":124},"start":{"column":4,"line":124}},"78":{"end":{"column":38,"line":127},"start":{"column":4,"line":127}},"79":{"end":{"column":9,"line":127},"start":{"column":4,"line":127}},"80":{"end":{"column":20,"line":129},"start":{"column":4,"line":129}},"81":{"end":{"column":3,"line":132},"start":{"column":4,"line":130}},"82":{"end":{"column":17,"line":131},"start":{"column":6,"line":131}},"83":{"end":{"column":3,"line":135},"start":{"column":4,"line":132}},"84":{"end":{"column":15,"line":133},"start":{"column":6,"line":133}},"85":{"end":{"column":15,"line":143},"start":{"column":4,"line":135}},"86":{"end":{"column":34,"line":138},"start":{"column":6,"line":138}},"87":{"end":{"column":5,"line":141},"start":{"column":6,"line":139}},"88":{"end":{"column":32,"line":140},"start":{"column":8,"line":140}},"89":{"end":{"column":37,"line":141},"start":{"column":6,"line":141}},"90":{"end":{"column":15,"line":143},"start":{"column":6,"line":143}},"91":{"end":{"column":20,"line":146},"start":{"column":4,"line":146}},"92":{"end":{"column":34,"line":147},"start":{"column":4,"line":147}},"93":{"end":{"column":15,"line":147},"start":{"column":4,"line":147}},"94":{"end":{"column":35,"line":148},"start":{"column":4,"line":148}},"95":{"end":{"column":37,"line":149},"start":{"column":4,"line":149}},"96":{"end":{"column":24,"line":157},"start":{"column":0,"line":157}}}}}